# JRE version: Java(TM) SE Runtime Environment (17.0.12+8) (build 17.0.12+8-LTS-286)
# Java VM: Java HotSpot(TM) 64-Bit Server VM (17.0.12+8-LTS-286, mixed mode, sharing, tiered, compressed oops, compressed class ptrs, g1 gc, windows-amd64)
GC Precious Log:
 CPUs: 8 total, 8 available
 Memory: 7412M
 Large Page Support: Disabled
 NUMA Support: Disabled
 Compressed Oops: Enabled (32-bit)
 Heap Region Size: 1M
 Heap Min Capacity: 8M
 Heap Initial Capacity: 116M
 Heap Max Capacity: 1854M
 Pre-touch: Disabled
 Parallel Workers: 8
 Concurrent Workers: 2
 Concurrent Refinement Workers: 8
 Periodic GC: Disabled
Heap:
 garbage-first heap   total 65536K, used 36054K [0x000000008c200000, 0x0000000100000000)
  region size 1024K, 19 young (19456K), 1 survivors (1024K)
 Metaspace       used 28910K, committed 29248K, reserved 1114112K
  class space    used 3416K, committed 3584K, reserved 1048576K
GC Heap History (14 events):
Event: 2.187 GC heap before
{Heap before GC invocations=0 (full 0):
 garbage-first heap   total 118784K, used 23552K [0x000000008c200000, 0x0000000100000000)
  region size 1024K, 23 young (23552K), 0 survivors (0K)
 Metaspace       used 7091K, committed 7296K, reserved 1114112K
  class space    used 802K, committed 896K, reserved 1048576K
}
Event: 2.198 GC heap after
{Heap after GC invocations=1 (full 0):
 garbage-first heap   total 118784K, used 7296K [0x000000008c200000, 0x0000000100000000)
  region size 1024K, 3 young (3072K), 3 survivors (3072K)
 Metaspace       used 7091K, committed 7296K, reserved 1114112K
  class space    used 802K, committed 896K, reserved 1048576K
}
Event: 3.425 GC heap before
{Heap before GC invocations=1 (full 0):
 garbage-first heap   total 118784K, used 29824K [0x000000008c200000, 0x0000000100000000)
  region size 1024K, 26 young (26624K), 3 survivors (3072K)
 Metaspace       used 14209K, committed 14400K, reserved 1114112K
  class space    used 1661K, committed 1728K, reserved 1048576K
}
Event: 3.433 GC heap after
{Heap after GC invocations=2 (full 0):
 garbage-first heap   total 118784K, used 9271K [0x000000008c200000, 0x0000000100000000)
  region size 1024K, 2 young (2048K), 2 survivors (2048K)
 Metaspace       used 14209K, committed 14400K, reserved 1114112K
  class space    used 1661K, committed 1728K, reserved 1048576K
}
Event: 5.010 GC heap before
{Heap before GC invocations=2 (full 0):
 garbage-first heap   total 118784K, used 57399K [0x000000008c200000, 0x0000000100000000)
  region size 1024K, 49 young (50176K), 2 survivors (2048K)
 Metaspace       used 21003K, committed 21376K, reserved 1114112K
  class space    used 2423K, committed 2624K, reserved 1048576K
}
Event: 5.032 GC heap after
{Heap after GC invocations=3 (full 0):
 garbage-first heap   total 118784K, used 16384K [0x000000008c200000, 0x0000000100000000)
  region size 1024K, 7 young (7168K), 7 survivors (7168K)
 Metaspace       used 21003K, committed 21376K, reserved 1114112K
  class space    used 2423K, committed 2624K, reserved 1048576K
}
Event: 5.087 GC heap before
{Heap before GC invocations=3 (full 0):
 garbage-first heap   total 118784K, used 18432K [0x000000008c200000, 0x0000000100000000)
  region size 1024K, 10 young (10240K), 7 survivors (7168K)
 Metaspace       used 21186K, committed 21504K, reserved 1114112K
  class space    used 2442K, committed 2624K, reserved 1048576K
}
Event: 5.099 GC heap after
{Heap after GC invocations=4 (full 0):
 garbage-first heap   total 118784K, used 17591K [0x000000008c200000, 0x0000000100000000)
  region size 1024K, 1 young (1024K), 1 survivors (1024K)
 Metaspace       used 21186K, committed 21504K, reserved 1114112K
  class space    used 2442K, committed 2624K, reserved 1048576K
}
Event: 17.005 GC heap before
{Heap before GC invocations=5 (full 0):
 garbage-first heap   total 65536K, used 52407K [0x000000008c200000, 0x0000000100000000)
  region size 1024K, 36 young (36864K), 1 survivors (1024K)
 Metaspace       used 28298K, committed 28736K, reserved 1114112K
  class space    used 3405K, committed 3584K, reserved 1048576K
}
Event: 17.016 GC heap after
{Heap after GC invocations=6 (full 0):
 garbage-first heap   total 65536K, used 18561K [0x000000008c200000, 0x0000000100000000)
  region size 1024K, 2 young (2048K), 2 survivors (2048K)
 Metaspace       used 28298K, committed 28736K, reserved 1114112K
  class space    used 3405K, committed 3584K, reserved 1048576K
}
Event: 18.244 GC heap before
{Heap before GC invocations=6 (full 0):
 garbage-first heap   total 65536K, used 18561K [0x000000008c200000, 0x0000000100000000)
  region size 1024K, 3 young (3072K), 2 survivors (2048K)
 Metaspace       used 28344K, committed 28736K, reserved 1114112K
  class space    used 3407K, committed 3584K, reserved 1048576K
}
Event: 18.250 GC heap after
{Heap after GC invocations=7 (full 0):
 garbage-first heap   total 65536K, used 18626K [0x000000008c200000, 0x0000000100000000)
  region size 1024K, 1 young (1024K), 1 survivors (1024K)
 Metaspace       used 28344K, committed 28736K, reserved 1114112K
  class space    used 3407K, committed 3584K, reserved 1048576K
}
Event: 36.137 GC heap before
{Heap before GC invocations=7 (full 0):
 garbage-first heap   total 65536K, used 43202K [0x000000008c200000, 0x0000000100000000)
  region size 1024K, 26 young (26624K), 1 survivors (1024K)
 Metaspace       used 28695K, committed 29056K, reserved 1114112K
  class space    used 3410K, committed 3584K, reserved 1048576K
}
Event: 36.140 GC heap after
{Heap after GC invocations=8 (full 0):
 garbage-first heap   total 65536K, used 18646K [0x000000008c200000, 0x0000000100000000)
  region size 1024K, 1 young (1024K), 1 survivors (1024K)
 Metaspace       used 28695K, committed 29056K, reserved 1114112K
  class space    used 3410K, committed 3584K, reserved 1048576K
}

