<?xml version="1.0" encoding="UTF-8"?>
<testng-results ignored="0" total="1" passed="1" failed="0" skipped="0">
  <reporter-output>
  </reporter-output>
  <suite started-at="2026-07-19T11:38:29 IST" name="Employee Management System — Full Automation Suite" finished-at="2026-07-19T11:38:48 IST" duration-ms="19285">
    <groups>
    </groups>
    <test started-at="2026-07-19T11:38:29 IST" name="Employee Module — BDD Cucumber Tests" finished-at="2026-07-19T11:38:48 IST" duration-ms="19285">
      <class name="tests.AddEmployeeTest">
        <test-method is-config="true" signature="setupSuite()[pri:0, instance:tests.AddEmployeeTest@459e9125]" started-at="2026-07-19T11:38:28 IST" name="setupSuite" finished-at="2026-07-19T11:38:29 IST" duration-ms="396" status="PASS">
          <reporter-output>
          </reporter-output>
        </test-method> <!-- setupSuite -->
        <test-method is-config="true" signature="setupDriver()[pri:0, instance:tests.AddEmployeeTest@459e9125]" started-at="2026-07-19T11:38:29 IST" name="setupDriver" finished-at="2026-07-19T11:38:38 IST" duration-ms="8651" status="PASS">
          <reporter-output>
          </reporter-output>
        </test-method> <!-- setupDriver -->
        <test-method signature="testAddEmployee()[pri:0, instance:tests.AddEmployeeTest@459e9125]" started-at="2026-07-19T11:38:38 IST" name="testAddEmployee" description="Verify that a new employee can be added successfully via UI and matches in the database via REST API" finished-at="2026-07-19T11:38:48 IST" duration-ms="10379" status="PASS">
          <reporter-output>
          </reporter-output>
        </test-method> <!-- testAddEmployee -->
        <test-method is-config="true" signature="teardownDriver(org.testng.ITestResult)[pri:0, instance:tests.AddEmployeeTest@459e9125]" started-at="2026-07-19T11:38:48 IST" name="teardownDriver" finished-at="2026-07-19T11:38:48 IST" duration-ms="194" status="PASS">
          <params>
            <param index="0">
              <value>
                <![CDATA[[TestResult name=testAddEmployee status=SUCCESS method=AddEmployeeTest.testAddEmployee()[pri:0, instance:tests.AddEmployeeTest@459e9125] output={null}]]]>
              </value>
            </param>
          </params>
          <reporter-output>
          </reporter-output>
        </test-method> <!-- teardownDriver -->
        <test-method is-config="true" signature="tearDownSuite()[pri:0, instance:tests.AddEmployeeTest@459e9125]" started-at="2026-07-19T11:38:48 IST" name="tearDownSuite" finished-at="2026-07-19T11:38:49 IST" duration-ms="425" status="PASS">
          <reporter-output>
          </reporter-output>
        </test-method> <!-- tearDownSuite -->
      </class> <!-- tests.AddEmployeeTest -->
    </test> <!-- Employee Module — BDD Cucumber Tests -->
  </suite> <!-- Employee Management System — Full Automation Suite -->
</testng-results>
