# JRE version: OpenJDK Runtime Environment Temurin-21.0.11+10 (21.0.11+10) (build 21.0.11+10-LTS)
# Java VM: OpenJDK 64-Bit Server VM Temurin-21.0.11+10 (21.0.11+10-LTS, mixed mode, sharing, tiered, compressed oops, compressed class ptrs, parallel gc, windows-amd64)
GC Precious Log:
 CardTable entry size: 512
 CPUs: 8 total, 8 available
 Memory: 7412M
 Large Page Support: Disabled
 NUMA Support: Disabled
 Compressed Oops: Enabled (32-bit)
 Alignments: Space 512K, Generation 512K, Heap 2M
 Heap Min Capacity: 100M
 Heap Initial Capacity: 100M
 Heap Max Capacity: 2G
 Pre-touch: Disabled
 Parallel Workers: 8
Heap:
 PSYoungGen      total 3584K, used 1334K [0x00000000d5580000, 0x00000000d5b00000, 0x0000000100000000)
  eden space 3072K, 32% used [0x00000000d5580000,0x00000000d5679a38,0x00000000d5880000)
  from space 512K, 65% used [0x00000000d5a80000,0x00000000d5ad4030,0x00000000d5b00000)
  to   space 512K, 0% used [0x00000000d5880000,0x00000000d5880000,0x00000000d5900000)
 ParOldGen       total 232960K, used 232706K [0x0000000080000000, 0x000000008e380000, 0x00000000d5580000)
  object space 232960K, 99% used [0x0000000080000000,0x000000008e340a50,0x000000008e380000)
 Metaspace       used 67191K, committed 68800K, reserved 1114112K
  class space    used 7055K, committed 7744K, reserved 1048576K
GC Heap History (20 events):
Event: 24.808 GC heap before
{Heap before GC invocations=438 (full 3):
 PSYoungGen      total 4608K, used 4128K [0x00000000d5580000, 0x00000000d5c00000, 0x0000000100000000)
  eden space 3584K, 100% used [0x00000000d5580000,0x00000000d5900000,0x00000000d5900000)
  from space 1024K, 53% used [0x00000000d5b00000,0x00000000d5b88000,0x00000000d5c00000)
  to   space 1024K, 0% used [0x00000000d5a00000,0x00000000d5a00000,0x00000000d5b00000)
 ParOldGen       total 222720K, used 222245K [0x0000000080000000, 0x000000008d980000, 0x00000000d5580000)
  object space 222720K, 99% used [0x0000000080000000,0x000000008d909718,0x000000008d980000)
 Metaspace       used 66361K, committed 67904K, reserved 1114112K
  class space    used 6964K, committed 7616K, reserved 1048576K
}
Event: 24.810 GC heap after
{Heap after GC invocations=438 (full 3):
 PSYoungGen      total 4608K, used 1018K [0x00000000d5580000, 0x00000000d6000000, 0x0000000100000000)
  eden space 3584K, 0% used [0x00000000d5580000,0x00000000d5580000,0x00000000d5900000)
  from space 1024K, 99% used [0x00000000d5a00000,0x00000000d5afeb90,0x00000000d5b00000)
  to   space 3584K, 0% used [0x00000000d5c80000,0x00000000d5c80000,0x00000000d6000000)
 ParOldGen       total 224256K, used 224189K [0x0000000080000000, 0x000000008db00000, 0x00000000d5580000)
  object space 224256K, 99% used [0x0000000080000000,0x000000008daef750,0x000000008db00000)
 Metaspace       used 66361K, committed 67904K, reserved 1114112K
  class space    used 6964K, committed 7616K, reserved 1048576K
}
Event: 24.829 GC heap before
{Heap before GC invocations=439 (full 3):
 PSYoungGen      total 4608K, used 4602K [0x00000000d5580000, 0x00000000d6000000, 0x0000000100000000)
  eden space 3584K, 100% used [0x00000000d5580000,0x00000000d5900000,0x00000000d5900000)
  from space 1024K, 99% used [0x00000000d5a00000,0x00000000d5afeb90,0x00000000d5b00000)
  to   space 3584K, 0% used [0x00000000d5c80000,0x00000000d5c80000,0x00000000d6000000)
 ParOldGen       total 224256K, used 224189K [0x0000000080000000, 0x000000008db00000, 0x00000000d5580000)
  object space 224256K, 99% used [0x0000000080000000,0x000000008daef750,0x000000008db00000)
 Metaspace       used 66361K, committed 67904K, reserved 1114112K
  class space    used 6964K, committed 7616K, reserved 1048576K
}
Event: 24.833 GC heap after
{Heap after GC invocations=439 (full 3):
 PSYoungGen      total 7168K, used 3328K [0x00000000d5580000, 0x00000000d6000000, 0x0000000100000000)
  eden space 3584K, 0% used [0x00000000d5580000,0x00000000d5580000,0x00000000d5900000)
  from space 3584K, 92% used [0x00000000d5c80000,0x00000000d5fc0000,0x00000000d6000000)
  to   space 3584K, 0% used [0x00000000d5900000,0x00000000d5900000,0x00000000d5c80000)
 ParOldGen       total 225280K, used 225245K [0x0000000080000000, 0x000000008dc00000, 0x00000000d5580000)
  object space 225280K, 99% used [0x0000000080000000,0x000000008dbf7408,0x000000008dc00000)
 Metaspace       used 66361K, committed 67904K, reserved 1114112K
  class space    used 6964K, committed 7616K, reserved 1048576K
}
Event: 32.906 GC heap before
{Heap before GC invocations=440 (full 3):
 PSYoungGen      total 7168K, used 6912K [0x00000000d5580000, 0x00000000d6000000, 0x0000000100000000)
  eden space 3584K, 100% used [0x00000000d5580000,0x00000000d5900000,0x00000000d5900000)
  from space 3584K, 92% used [0x00000000d5c80000,0x00000000d5fc0000,0x00000000d6000000)
  to   space 3584K, 0% used [0x00000000d5900000,0x00000000d5900000,0x00000000d5c80000)
 ParOldGen       total 225280K, used 225245K [0x0000000080000000, 0x000000008dc00000, 0x00000000d5580000)
  object space 225280K, 99% used [0x0000000080000000,0x000000008dbf7408,0x000000008dc00000)
 Metaspace       used 66419K, committed 67968K, reserved 1114112K
  class space    used 6965K, committed 7616K, reserved 1048576K
}
Event: 32.917 GC heap after
{Heap after GC invocations=440 (full 3):
 PSYoungGen      total 5632K, used 1888K [0x00000000d5580000, 0x00000000d5e00000, 0x0000000100000000)
  eden space 3584K, 0% used [0x00000000d5580000,0x00000000d5580000,0x00000000d5900000)
  from space 2048K, 92% used [0x00000000d5900000,0x00000000d5ad8030,0x00000000d5b00000)
  to   space 2560K, 0% used [0x00000000d5b80000,0x00000000d5b80000,0x00000000d5e00000)
 ParOldGen       total 228864K, used 228530K [0x0000000080000000, 0x000000008df80000, 0x00000000d5580000)
  object space 228864K, 99% used [0x0000000080000000,0x000000008df2c820,0x000000008df80000)
 Metaspace       used 66419K, committed 67968K, reserved 1114112K
  class space    used 6965K, committed 7616K, reserved 1048576K
}
Event: 100.787 GC heap before
{Heap before GC invocations=441 (full 3):
 PSYoungGen      total 5632K, used 5472K [0x00000000d5580000, 0x00000000d5e00000, 0x0000000100000000)
  eden space 3584K, 99% used [0x00000000d5580000,0x00000000d58fffe8,0x00000000d5900000)
  from space 2048K, 92% used [0x00000000d5900000,0x00000000d5ad8030,0x00000000d5b00000)
  to   space 2560K, 0% used [0x00000000d5b80000,0x00000000d5b80000,0x00000000d5e00000)
 ParOldGen       total 228864K, used 228530K [0x0000000080000000, 0x000000008df80000, 0x00000000d5580000)
  object space 228864K, 99% used [0x0000000080000000,0x000000008df2c820,0x000000008df80000)
 Metaspace       used 66776K, committed 68288K, reserved 1114112K
  class space    used 7000K, committed 7680K, reserved 1048576K
}
Event: 100.790 GC heap after
{Heap after GC invocations=441 (full 3):
 PSYoungGen      total 4096K, used 256K [0x00000000d5580000, 0x00000000d5c00000, 0x0000000100000000)
  eden space 3584K, 0% used [0x00000000d5580000,0x00000000d5580000,0x00000000d5900000)
  from space 512K, 50% used [0x00000000d5b80000,0x00000000d5bc0000,0x00000000d5c00000)
  to   space 1024K, 0% used [0x00000000d5a00000,0x00000000d5a00000,0x00000000d5b00000)
 ParOldGen       total 229888K, used 229538K [0x0000000080000000, 0x000000008e080000, 0x00000000d5580000)
  object space 229888K, 99% used [0x0000000080000000,0x000000008e028820,0x000000008e080000)
 Metaspace       used 66776K, committed 68288K, reserved 1114112K
  class space    used 7000K, committed 7680K, reserved 1048576K
}
Event: 100.831 GC heap before
{Heap before GC invocations=442 (full 3):
 PSYoungGen      total 4096K, used 3840K [0x00000000d5580000, 0x00000000d5c00000, 0x0000000100000000)
  eden space 3584K, 100% used [0x00000000d5580000,0x00000000d5900000,0x00000000d5900000)
  from space 512K, 50% used [0x00000000d5b80000,0x00000000d5bc0000,0x00000000d5c00000)
  to   space 1024K, 0% used [0x00000000d5a00000,0x00000000d5a00000,0x00000000d5b00000)
 ParOldGen       total 229888K, used 229538K [0x0000000080000000, 0x000000008e080000, 0x00000000d5580000)
  object space 229888K, 99% used [0x0000000080000000,0x000000008e028820,0x000000008e080000)
 Metaspace       used 66781K, committed 68288K, reserved 1114112K
  class space    used 7001K, committed 7680K, reserved 1048576K
}
Event: 100.832 GC heap after
{Heap after GC invocations=442 (full 3):
 PSYoungGen      total 4608K, used 1012K [0x00000000d5580000, 0x00000000d5c00000, 0x0000000100000000)
  eden space 3584K, 0% used [0x00000000d5580000,0x00000000d5580000,0x00000000d5900000)
  from space 1024K, 98% used [0x00000000d5a00000,0x00000000d5afd200,0x00000000d5b00000)
  to   space 1024K, 0% used [0x00000000d5b00000,0x00000000d5b00000,0x00000000d5c00000)
 ParOldGen       total 229888K, used 229850K [0x0000000080000000, 0x000000008e080000, 0x00000000d5580000)
  object space 229888K, 99% used [0x0000000080000000,0x000000008e076820,0x000000008e080000)
 Metaspace       used 66781K, committed 68288K, reserved 1114112K
  class space    used 7001K, committed 7680K, reserved 1048576K
}
Event: 100.864 GC heap before
{Heap before GC invocations=443 (full 3):
 PSYoungGen      total 4608K, used 4596K [0x00000000d5580000, 0x00000000d5c00000, 0x0000000100000000)
  eden space 3584K, 100% used [0x00000000d5580000,0x00000000d5900000,0x00000000d5900000)
  from space 1024K, 98% used [0x00000000d5a00000,0x00000000d5afd200,0x00000000d5b00000)
  to   space 1024K, 0% used [0x00000000d5b00000,0x00000000d5b00000,0x00000000d5c00000)
 ParOldGen       total 229888K, used 229850K [0x0000000080000000, 0x000000008e080000, 0x00000000d5580000)
  object space 229888K, 99% used [0x0000000080000000,0x000000008e076820,0x000000008e080000)
 Metaspace       used 66859K, committed 68416K, reserved 1114112K
  class space    used 7021K, committed 7680K, reserved 1048576K
}
Event: 100.866 GC heap after
{Heap after GC invocations=443 (full 3):
 PSYoungGen      total 4096K, used 1017K [0x00000000d5580000, 0x00000000d5e00000, 0x0000000100000000)
  eden space 3072K, 0% used [0x00000000d5580000,0x00000000d5580000,0x00000000d5880000)
  from space 1024K, 99% used [0x00000000d5b00000,0x00000000d5bfe6b8,0x00000000d5c00000)
  to   space 2560K, 0% used [0x00000000d5880000,0x00000000d5880000,0x00000000d5b00000)
 ParOldGen       total 231424K, used 231003K [0x0000000080000000, 0x000000008e200000, 0x00000000d5580000)
  object space 231424K, 99% used [0x0000000080000000,0x000000008e196c30,0x000000008e200000)
 Metaspace       used 66859K, committed 68416K, reserved 1114112K
  class space    used 7021K, committed 7680K, reserved 1048576K
}
Event: 100.875 GC heap before
{Heap before GC invocations=444 (full 3):
 PSYoungGen      total 4096K, used 4089K [0x00000000d5580000, 0x00000000d5e00000, 0x0000000100000000)
  eden space 3072K, 100% used [0x00000000d5580000,0x00000000d5880000,0x00000000d5880000)
  from space 1024K, 99% used [0x00000000d5b00000,0x00000000d5bfe6b8,0x00000000d5c00000)
  to   space 2560K, 0% used [0x00000000d5880000,0x00000000d5880000,0x00000000d5b00000)
 ParOldGen       total 231424K, used 231003K [0x0000000080000000, 0x000000008e200000, 0x00000000d5580000)
  object space 231424K, 99% used [0x0000000080000000,0x000000008e196c30,0x000000008e200000)
 Metaspace       used 66859K, committed 68416K, reserved 1114112K
  class space    used 7021K, committed 7680K, reserved 1048576K
}
Event: 100.877 GC heap after
{Heap after GC invocations=444 (full 3):
 PSYoungGen      total 3584K, used 352K [0x00000000d5580000, 0x00000000d5b80000, 0x0000000100000000)
  eden space 3072K, 0% used [0x00000000d5580000,0x00000000d5580000,0x00000000d5880000)
  from space 512K, 68% used [0x00000000d5880000,0x00000000d58d8000,0x00000000d5900000)
  to   space 1024K, 0% used [0x00000000d5a80000,0x00000000d5a80000,0x00000000d5b80000)
 ParOldGen       total 232448K, used 232034K [0x0000000080000000, 0x000000008e300000, 0x00000000d5580000)
  object space 232448K, 99% used [0x0000000080000000,0x000000008e298968,0x000000008e300000)
 Metaspace       used 66859K, committed 68416K, reserved 1114112K
  class space    used 7021K, committed 7680K, reserved 1048576K
}
Event: 100.889 GC heap before
{Heap before GC invocations=445 (full 3):
 PSYoungGen      total 3584K, used 3424K [0x00000000d5580000, 0x00000000d5b80000, 0x0000000100000000)
  eden space 3072K, 100% used [0x00000000d5580000,0x00000000d5880000,0x00000000d5880000)
  from space 512K, 68% used [0x00000000d5880000,0x00000000d58d8000,0x00000000d5900000)
  to   space 1024K, 0% used [0x00000000d5a80000,0x00000000d5a80000,0x00000000d5b80000)
 ParOldGen       total 232448K, used 232034K [0x0000000080000000, 0x000000008e300000, 0x00000000d5580000)
  object space 232448K, 99% used [0x0000000080000000,0x000000008e298968,0x000000008e300000)
 Metaspace       used 66866K, committed 68416K, reserved 1114112K
  class space    used 7022K, committed 7680K, reserved 1048576K
}
Event: 100.890 GC heap after
{Heap after GC invocations=445 (full 3):
 PSYoungGen      total 3584K, used 353K [0x00000000d5580000, 0x00000000d5b00000, 0x0000000100000000)
  eden space 3072K, 0% used [0x00000000d5580000,0x00000000d5580000,0x00000000d5880000)
  from space 512K, 69% used [0x00000000d5a80000,0x00000000d5ad8580,0x00000000d5b00000)
  to   space 512K, 0% used [0x00000000d5880000,0x00000000d5880000,0x00000000d5900000)
 ParOldGen       total 232448K, used 232266K [0x0000000080000000, 0x000000008e300000, 0x00000000d5580000)
  object space 232448K, 99% used [0x0000000080000000,0x000000008e2d2968,0x000000008e300000)
 Metaspace       used 66866K, committed 68416K, reserved 1114112K
  class space    used 7022K, committed 7680K, reserved 1048576K
}
Event: 315.147 GC heap before
{Heap before GC invocations=446 (full 3):
 PSYoungGen      total 3584K, used 3422K [0x00000000d5580000, 0x00000000d5b00000, 0x0000000100000000)
  eden space 3072K, 99% used [0x00000000d5580000,0x00000000d587f648,0x00000000d5880000)
  from space 512K, 69% used [0x00000000d5a80000,0x00000000d5ad8580,0x00000000d5b00000)
  to   space 512K, 0% used [0x00000000d5880000,0x00000000d5880000,0x00000000d5900000)
 ParOldGen       total 232448K, used 232266K [0x0000000080000000, 0x000000008e300000, 0x00000000d5580000)
  object space 232448K, 99% used [0x0000000080000000,0x000000008e2d2968,0x000000008e300000)
 Metaspace       used 67080K, committed 68608K, reserved 1114112K
  class space    used 7045K, committed 7680K, reserved 1048576K
}
Event: 315.175 GC heap after
{Heap after GC invocations=446 (full 3):
 PSYoungGen      total 3584K, used 416K [0x00000000d5580000, 0x00000000d5b00000, 0x0000000100000000)
  eden space 3072K, 0% used [0x00000000d5580000,0x00000000d5580000,0x00000000d5880000)
  from space 512K, 81% used [0x00000000d5880000,0x00000000d58e8000,0x00000000d5900000)
  to   space 512K, 0% used [0x00000000d5a80000,0x00000000d5a80000,0x00000000d5b00000)
 ParOldGen       total 232448K, used 232434K [0x0000000080000000, 0x000000008e300000, 0x00000000d5580000)
  object space 232448K, 99% used [0x0000000080000000,0x000000008e2fc968,0x000000008e300000)
 Metaspace       used 67080K, committed 68608K, reserved 1114112K
  class space    used 7045K, committed 7680K, reserved 1048576K
}
Event: 534.954 GC heap before
{Heap before GC invocations=447 (full 3):
 PSYoungGen      total 3584K, used 3487K [0x00000000d5580000, 0x00000000d5b00000, 0x0000000100000000)
  eden space 3072K, 99% used [0x00000000d5580000,0x00000000d587fff8,0x00000000d5880000)
  from space 512K, 81% used [0x00000000d5880000,0x00000000d58e8000,0x00000000d5900000)
  to   space 512K, 0% used [0x00000000d5a80000,0x00000000d5a80000,0x00000000d5b00000)
 ParOldGen       total 232448K, used 232434K [0x0000000080000000, 0x000000008e300000, 0x00000000d5580000)
  object space 232448K, 99% used [0x0000000080000000,0x000000008e2fc968,0x000000008e300000)
 Metaspace       used 67129K, committed 68672K, reserved 1114112K
  class space    used 7051K, committed 7680K, reserved 1048576K
}
Event: 534.977 GC heap after
{Heap after GC invocations=447 (full 3):
 PSYoungGen      total 3584K, used 336K [0x00000000d5580000, 0x00000000d5b00000, 0x0000000100000000)
  eden space 3072K, 0% used [0x00000000d5580000,0x00000000d5580000,0x00000000d5880000)
  from space 512K, 65% used [0x00000000d5a80000,0x00000000d5ad4030,0x00000000d5b00000)
  to   space 512K, 0% used [0x00000000d5880000,0x00000000d5880000,0x00000000d5900000)
 ParOldGen       total 232960K, used 232706K [0x0000000080000000, 0x000000008e380000, 0x00000000d5580000)
  object space 232960K, 99% used [0x0000000080000000,0x000000008e340a50,0x000000008e380000)
 Metaspace       used 67129K, committed 68672K, reserved 1114112K
  class space    used 7051K, committed 7680K, reserved 1048576K
}

